Arguments: 
  /usr/bin/node /usr/bin/yarn --offline global dir

PATH: 
  /usr/local/sbin:/usr/local/bin:/usr/bin:/home/powerseal/.dotnet/tools:/home/powerseal/.local/share/flatpak/exports/bin:/var/lib/flatpak/exports/bin:/usr/lib/jvm/default/bin:/usr/bin/site_perl:/usr/bin/vendor_perl:/usr/bin/core_perl

Yarn version: 
  1.22.19

Node version: 
  20.4.0

Platform: 
  linux x64

Trace: 
  SyntaxError: /home/powerseal/coleg/College/2nd Year - 3rd Term/CCAPDEV/code/2223T3-S12-G09/package.json: Expected double-quoted property name in JSON at position 672
      at JSON.parse (<anonymous>)
      at /usr/lib/node_modules/yarn/lib/cli.js:1629:59
      at Generator.next (<anonymous>)
      at step (/usr/lib/node_modules/yarn/lib/cli.js:310:30)
      at /usr/lib/node_modules/yarn/lib/cli.js:321:13

npm manifest: 
  {
    "name": "2223t3-s12-g09",
    "version": "1.0.0",
    "description": "Lab Reservation by Group 9 of Section S12 CCAPDEV",
    "main": "index.js",
    "scripts": {
      "test": "echo \"Error: no test specified\" && exit 1"
    },
    "repository": {
      "type": "git",
      "url": "git+https://github.com/DLSU-CCAPDEV/2223T3-S12-G09.git"
    },
    "author": "Giron, Obejero, Arevalo, Uy",
    "license": "ISC",
    "bugs": {
      "url": "https://github.com/DLSU-CCAPDEV/2223T3-S12-G09/issues"
    },
    "homepage": "https://github.com/DLSU-CCAPDEV/2223T3-S12-G09#readme",
    "dependencies": {
      "body-parser": "^1.20.2",
      "dotenv": "^16.3.1",
      "express": "^4.18.2",
      "hbs": "^4.2.0",
  <<<<<<< HEAD
      "mongodb": "^5.7.0",
      "mongoose": "^5.9.6"
  =======
      "mongodb": "^5.7.0"
  >>>>>>> main
    }
  }

yarn manifest: 
  No manifest

Lockfile: 
  No lockfile
